n,k,sz(n,k),time,solution
4,3,3,0.000,`  1   2   4 `
5,3,4,0.000,`  1   2   4   5 `
6,3,4,0.000,`  1   2   4   5 `
7,3,4,0.000,`  1   2   4   5 `
8,3,4,0.000,`  1   2   4   5 `
9,3,5,0.000,`  1   2   4   8   9 `
10,3,5,0.000,`  1   2   4   5  10 `
11,3,6,0.000,`  1   2   4   5  10  11 `
12,3,6,0.000,`  1   2   4   5  10  11 `
13,3,7,0.000,`  1   2   4   5  10  11  13 `
14,3,8,0.000,`  1   2   4   5  10  11  13  14 `
15,3,8,0.000,`  1   2   4   5  10  11  13  14 `
16,3,8,0.000,`  1   2   4   5  10  11  13  14 `
17,3,8,0.000,`  1   2   4   5  10  11  13  14 `
18,3,8,0.000,`  1   2   4   5  10  11  13  14 `
19,3,8,0.000,`  1   2   4   5  10  11  13  14 `
20,3,9,0.000,`  1   2   6   7   9  14  15  18  20 `
21,3,9,0.000,`  1   2   4   5  12  14  15  17  21 `
22,3,9,0.001,`  1   2   4   5  10  14  17  21  22 `
23,3,9,0.002,`  1   2   4   5  10  14  17  21  22 `
24,3,10,0.001,`  1   2   5   7  11  16  18  19  23  24 `
25,3,10,0.002,`  1   2   4  10  11  14  15  22  23  25 `
26,3,11,0.001,`  1   2   5   7  11  16  18  19  23  24  26 `
27,3,11,0.003,`  1   2   5   7  11  16  18  19  23  24  26 `
28,3,11,0.006,`  1   2   4   8   9  11  19  22  23  26  28 `
29,3,11,0.012,`  1   2   4   8   9  11  19  22  23  26  28 `
30,3,12,0.007,`  1   3   4   8   9  11  20  22  23  27  28  30 `
31,3,12,0.016,`  1   2   4   8   9  11  19  22  23  26  28  31 `
32,3,13,0.006,`  1   2   4   8   9  11  19  22  23  26  28  31  32 `
33,3,13,0.019,`  1   2   4   8   9  11  19  22  23  26  28  31  32 `
34,3,13,0.044,`  1   2   4   8   9  11  19  22  23  26  28  31  32 `
35,3,13,0.079,`  1   2   4   8   9  11  19  22  23  26  28  31  32 `
36,3,14,0.041,`  1   2   4   8   9  13  21  23  26  27  30  32  35  36 `
37,3,14,0.111,`  1   2   4   8   9  13  21  23  26  27  30  32  35  36 `
38,3,14,0.212,`  1   2   4   5  10  11  13  14  28  29  31  32  37  38 `
39,3,14,0.367,`  1   2   4   5  10  11  13  14  28  29  31  32  37  38 `
40,3,15,0.133,`  1   2   4   5  10  11  13  14  28  29  31  32  37  38  40 `
41,3,16,0.033,`  1   2   4   5  10  11  13  14  28  29  31  32  37  38  40  41 `
42,3,16,0.152,`  1   2   4   5  10  11  13  14  28  29  31  32  37  38  40  41 `
43,3,16,0.419,`  1   2   4   5  10  11  13  14  28  29  31  32  37  38  40  41 `
44,3,16,0.837,`  1   2   4   5  10  11  13  14  28  29  31  32  37  38  40  41 `
45,3,16,2.062,`  1   2   4   5  10  11  13  14  28  29  31  32  37  38  40  41 `
46,3,16,3.483,`  1   2   4   5  10  11  13  14  28  29  31  32  37  38  40  41 `
47,3,16,5.653,`  1   2   4   5  10  11  13  14  28  29  31  32  37  38  40  41 `
48,3,16,9.428,`  1   2   4   5  10  11  13  14  28  29  31  32  37  38  40  41 `
49,3,16,14.653,`  1   2   4   5  10  11  13  14  28  29  31  32  37  38  40  41 `
50,3,16,23,`  1   2   4   5  10  11  13  14  28  29  31  32  37  38  40  41 `
51,3,17,11.201,`  1   2   4   5  10  13  14  17  31  35  37  38  40  46  47  50  51 `
52,3,17,27,`  1   2   4   5  10  11  13  14  29  34  36  37  41  42  49  51  52 `
53,3,17,49,`  1   2   4   5  10  11  13  14  29  34  36  37  41  42  49  51  52 `
54,3,18,18.783,`  1   2   5   6  12  14  15  17  21  31  38  39  42  43  49  51  52  54 `
55,3,18,52,`  1   2   4   5  11  13  14  16  29  35  36  38  39  46  48  51  52  55 `
56,3,18,104,`  1   2   4   5  10  12  13  17  31  36  38  39  43  44  51  53  54  56 `
57,3,18,175,`  1   2   4   5  10  12  13  17  31  36  38  39  43  44  51  53  54  56 `
58,3,19,73,`  1   2   5   6  12  14  15  17  21  31  38  39  42  43  49  51  52  54  58 `
59,3,19,189,`  1   2   5   6  12  14  15  17  21  31  38  39  42  43  49  51  52  54  58 `
60,3,19,375,`  1   2   5   6  12  14  15  17  21  31  38  39  42  43  49  51  52  54  58 `
61,3,19,885,`  1   2   5   6  12  14  15  17  21  31  38  39  42  43  49  51  52  54  58 `
62,3,19,1370,`  1   2   4   5  11  12  15  16  24  38  40  41  45  48  53  54  57  59  62 `
63,3,20,446,`  1   2   5   7  11  16  18  19  24  26  38  39  42  44  48  53  55  56  61  63 `
64,3,20,1140,`  1   2   5   7  11  16  18  19  24  26  38  39  42  44  48  53  55  56  61  63 `
